<?xml version="1.0" encoding="UTF-8"?>
<!-- Generated by org.testng.reporters.JUnitXMLReporter -->
<testsuite ignored="0" hostname="DESKTOP-A2KPPT3" failures="0" tests="2" name="OpenCart-TutorialsNinja-Test" time="28.617" errors="0" timestamp="2023-04-15T23:05:56 IST">
  <testcase classname="testCases.TC_001_AccountRegistrationTest" name="test_account_Registration" time="4.291"/>
  <testcase classname="testCases.TC_002_LoginTest" name="test_login" time="3.152"/>
</testsuite> <!-- OpenCart-TutorialsNinja-Test -->
