<?xml version="1.0" encoding="UTF-8"?>
<testng-results ignored="0" total="1" passed="1" failed="0" skipped="0">
  <reporter-output>
  </reporter-output>
  <suite started-at="2023-04-10T10:06:50 IST" name="Failed suite [OpenCart-TutorialsNinja-Suite]" finished-at="2023-04-10T10:07:05 IST" duration-ms="14274">
    <groups>
      <group name="Master">
        <method signature="TC_002_LoginTest.test_login()[pri:0, instance:testCases.TC_002_LoginTest@290222c1]" name="test_login" class="testCases.TC_002_LoginTest"/>
      </group> <!-- Master -->
      <group name="Sanity">
        <method signature="TC_002_LoginTest.test_login()[pri:0, instance:testCases.TC_002_LoginTest@290222c1]" name="test_login" class="testCases.TC_002_LoginTest"/>
      </group> <!-- Sanity -->
    </groups>
    <test started-at="2023-04-10T10:06:50 IST" name="OpenCart-TutorialsNinja-Test(failed)" finished-at="2023-04-10T10:07:05 IST" duration-ms="14274">
      <class name="testCases.TC_002_LoginTest">
        <test-method is-config="true" signature="setup(java.lang.String)[pri:0, instance:testCases.TC_002_LoginTest@290222c1]" started-at="2023-04-10T10:06:52 IST" name="setup" finished-at="2023-04-10T10:07:01 IST" duration-ms="9354" status="PASS">
          <params>
            <param index="0">
              <value>
                <![CDATA[chrome]]>
              </value>
            </param>
          </params>
          <reporter-output>
          </reporter-output>
        </test-method> <!-- setup -->
        <test-method signature="test_login()[pri:0, instance:testCases.TC_002_LoginTest@290222c1]" started-at="2023-04-10T10:07:01 IST" name="test_login" finished-at="2023-04-10T10:07:04 IST" duration-ms="2764" status="PASS">
          <reporter-output>
          </reporter-output>
        </test-method> <!-- test_login -->
        <test-method is-config="true" signature="tearDown()[pri:0, instance:testCases.TC_002_LoginTest@290222c1]" started-at="2023-04-10T10:07:04 IST" name="tearDown" finished-at="2023-04-10T10:07:05 IST" duration-ms="477" status="PASS">
          <reporter-output>
          </reporter-output>
        </test-method> <!-- tearDown -->
      </class> <!-- testCases.TC_002_LoginTest -->
    </test> <!-- OpenCart-TutorialsNinja-Test(failed) -->
  </suite> <!-- Failed suite [OpenCart-TutorialsNinja-Suite] -->
</testng-results>
